<?xml version="1.0" encoding="UTF-8"?>
<testsuite name="com.opus2.magnum.AcceptanceTestSuite" time="80.022" tests="26" errors="0" skipped="0" failures="0">
  <properties>
[...]
</properties>
  <testcase name="BeforeStories" classname="java.lang.Object" time="0.263"/>
  <testcase name="Given user is present on Magnum loginpage" classname="com.opus2.steps.LoginSteps" time="7.508"/>
  <testcase name="When user enter username and password" classname="com.opus2.steps.LoginSteps" time="0.746"/>
  <testcase name="And click the login button" classname="com.opus2.steps.LoginSteps" time="0.287"/>
  <testcase name="Then user should see the second stage of login" classname="com.opus2.steps.LoginSteps" time="2.002"/>
  <testcase name="Scenario: User Login Stage Another" classname="Scenario: User Login Stage Another" time="2.752"/>
  <testcase name="Given user is present on Memorable Word page" classname="com.opus2.steps.LoginSteps" time="2.641"/>
  <testcase name="When the user enter first memorable character" classname="com.opus2.steps.LoginSteps" time="0.813"/>
  <testcase name="And second memorable character" classname="com.opus2.steps.LoginSteps" time="0.492"/>
  <testcase name="And third memorable character" classname="com.opus2.steps.LoginSteps" time="0.868"/>
  <testcase name="And click login button" classname="com.opus2.steps.LoginSteps" time="3.631"/>
  <testcase name="Then user should be on the homepage" classname="com.opus2.steps.LoginSteps" time="0.498"/>
  <testcase name="Scenario: User Login Stage Two" classname="Scenario: User Login Stage Two" time="0.846"/>
  <testcase name="Given the user is on homepage" classname="com.opus2.steps.MagnumAdminSteps" time="0.529"/>
  <testcase name="When user select &apos;TAF&apos; workspace" classname="com.opus2.steps.MagnumAdminSteps" time="4.124"/>
  <testcase name="Then user should be on the Documents page" classname="com.opus2.steps.MagnumAdminSteps" time="1.002"/>
  <testcase name="Scenario: Select Workspace" classname="Scenario: Select Workspace" time="1.203"/>
  <testcase name="UserLogin.story" classname="UserLogin.story" time="1.346"/>
  <testcase name="When user clicks on New Folder button" classname="com.opus2.steps.MagnumAdminSteps" time="37.156"/>
  <testcase name="And enters &lt;folder_name&gt;" classname="com.opus2.steps.MagnumAdminSteps" time="0.083"/>
  <testcase name="And click Create Folder button" classname="com.opus2.steps.MagnumAdminSteps" time="0.616"/>
  <testcase name="Then created folder should be visible on workspace" classname="com.opus2.steps.MagnumAdminSteps" time="0.079"/>
  <testcase name="Then created folder should be visible on workspace" classname="com.opus2.steps.MagnumAdminSteps" time="5.006"/>
  <testcase name="Scenario: Verify Creating New Folder" classname="Scenario: Verify Creating New Folder" time="5.209"/>
  <testcase name="CreatNewFolder.story" classname="CreatNewFolder.story" time="5.325"/>
  <testcase name="AfterStories" classname="java.lang.Object" time="0.003"/>
</testsuite>